Copyright 1986-2022 Xilinx, Inc. All Rights Reserved.
-------------------------------------------------------------------------------------------------------------------------
| Tool Version : Vivado v.2022.2 (lin64) Build 3671981 Fri Oct 14 04:59:54 MDT 2022
| Date         : Sat Jan 11 19:23:58 2025
| Host         : e16fpga01 running 64-bit Ubuntu 22.04.5 LTS
| Command      : report_utilization -file SAMPA_PON_v2_0_utilization_placed.rpt -pb SAMPA_PON_v2_0_utilization_placed.pb
| Design       : SAMPA_PON_v2_0
| Device       : xcau15p-sbvb484-1-i
| Speed File   : -1
| Design State : Fully Placed
-------------------------------------------------------------------------------------------------------------------------

Utilization Design Information

Table of Contents
-----------------
1. CLB Logic
1.1 Summary of Registers by Type
2. CLB Logic Distribution
3. BLOCKRAM
4. ARITHMETIC
5. I/O
6. CLOCK
7. ADVANCED
8. CONFIGURATION
9. Primitives
10. Black Boxes
11. Instantiated Netlists

1. CLB Logic
------------

+-------------------------+------+-------+------------+-----------+-------+
|        Site Type        | Used | Fixed | Prohibited | Available | Util% |
+-------------------------+------+-------+------------+-----------+-------+
| CLB LUTs                |   55 |     0 |          0 |     77760 |  0.07 |
|   LUT as Logic          |   55 |     0 |          0 |     77760 |  0.07 |
|   LUT as Memory         |    0 |     0 |          0 |     40320 |  0.00 |
| CLB Registers           |  170 |     0 |          0 |    155520 |  0.11 |
|   Register as Flip Flop |  170 |     0 |          0 |    155520 |  0.11 |
|   Register as Latch     |    0 |     0 |          0 |    155520 |  0.00 |
| CARRY8                  |    0 |     0 |          0 |      9720 |  0.00 |
| F7 Muxes                |    0 |     0 |          0 |     38880 |  0.00 |
| F8 Muxes                |    0 |     0 |          0 |     19440 |  0.00 |
| F9 Muxes                |    0 |     0 |          0 |      9720 |  0.00 |
+-------------------------+------+-------+------------+-----------+-------+
* Warning! LUT value is adjusted to account for LUT combining.


1.1 Summary of Registers by Type
--------------------------------

+-------+--------------+-------------+--------------+
| Total | Clock Enable | Synchronous | Asynchronous |
+-------+--------------+-------------+--------------+
| 0     |            _ |           - |            - |
| 0     |            _ |           - |          Set |
| 0     |            _ |           - |        Reset |
| 0     |            _ |         Set |            - |
| 0     |            _ |       Reset |            - |
| 0     |          Yes |           - |            - |
| 0     |          Yes |           - |          Set |
| 0     |          Yes |           - |        Reset |
| 1     |          Yes |         Set |            - |
| 169   |          Yes |       Reset |            - |
+-------+--------------+-------------+--------------+


2. CLB Logic Distribution
-------------------------

+--------------------------------------------+------+-------+------------+-----------+-------+
|                  Site Type                 | Used | Fixed | Prohibited | Available | Util% |
+--------------------------------------------+------+-------+------------+-----------+-------+
| CLB                                        |   33 |     0 |          0 |      9720 |  0.34 |
|   CLBL                                     |   15 |     0 |            |           |       |
|   CLBM                                     |   18 |     0 |            |           |       |
| LUT as Logic                               |   55 |     0 |          0 |     77760 |  0.07 |
|   using O5 output only                     |    1 |       |            |           |       |
|   using O6 output only                     |   53 |       |            |           |       |
|   using O5 and O6                          |    1 |       |            |           |       |
| LUT as Memory                              |    0 |     0 |          0 |     40320 |  0.00 |
|   LUT as Distributed RAM                   |    0 |     0 |            |           |       |
|   LUT as Shift Register                    |    0 |     0 |            |           |       |
| CLB Registers                              |  170 |     0 |          0 |    155520 |  0.11 |
|   Register driven from within the CLB      |   35 |       |            |           |       |
|   Register driven from outside the CLB     |  135 |       |            |           |       |
|     LUT in front of the register is unused |   95 |       |            |           |       |
|     LUT in front of the register is used   |   40 |       |            |           |       |
| Unique Control Sets                        |   20 |       |          0 |     19440 |  0.10 |
+--------------------------------------------+------+-------+------------+-----------+-------+
* * Note: Available Control Sets calculated as Slices * 2, Review the Control Sets Report for more information regarding control sets.


3. BLOCKRAM
-----------

+----------------+------+-------+------------+-----------+-------+
|    Site Type   | Used | Fixed | Prohibited | Available | Util% |
+----------------+------+-------+------------+-----------+-------+
| Block RAM Tile |    0 |     0 |          0 |       144 |  0.00 |
|   RAMB36/FIFO* |    0 |     0 |          0 |       144 |  0.00 |
|   RAMB18       |    0 |     0 |          0 |       288 |  0.00 |
+----------------+------+-------+------------+-----------+-------+
* Note: Each Block RAM Tile only has one FIFO logic available and therefore can accommodate only one FIFO36E2 or one FIFO18E2. However, if a FIFO18E2 occupies a Block RAM Tile, that tile can still accommodate a RAMB18E2


4. ARITHMETIC
-------------

+-----------+------+-------+------------+-----------+-------+
| Site Type | Used | Fixed | Prohibited | Available | Util% |
+-----------+------+-------+------------+-----------+-------+
| DSPs      |    0 |     0 |          0 |       576 |  0.00 |
+-----------+------+-------+------------+-----------+-------+


5. I/O
------

+------------------+------+-------+------------+-----------+-------+
|     Site Type    | Used | Fixed | Prohibited | Available | Util% |
+------------------+------+-------+------------+-----------+-------+
| Bonded IOB       |   89 |     0 |          0 |       204 | 43.63 |
| HPIOB_M          |   32 |     0 |          0 |        72 | 44.44 |
|   INPUT          |   16 |       |            |           |       |
|   OUTPUT         |   16 |       |            |           |       |
|   BIDIR          |    0 |       |            |           |       |
| HPIOB_S          |   32 |     0 |          0 |        72 | 44.44 |
|   INPUT          |   16 |       |            |           |       |
|   OUTPUT         |   16 |       |            |           |       |
|   BIDIR          |    0 |       |            |           |       |
| HDIOB_M          |   13 |     0 |          0 |        24 | 54.17 |
|   INPUT          |    8 |       |            |           |       |
|   OUTPUT         |    5 |       |            |           |       |
|   BIDIR          |    0 |       |            |           |       |
| HDIOB_S          |   12 |     0 |          0 |        24 | 50.00 |
|   INPUT          |    7 |       |            |           |       |
|   OUTPUT         |    5 |       |            |           |       |
|   BIDIR          |    0 |       |            |           |       |
| HPIOB_SNGL       |    0 |     0 |          0 |        12 |  0.00 |
| HPIOBDIFFINBUF   |    0 |     0 |          0 |        72 |  0.00 |
| HPIOBDIFFOUTBUF  |    0 |     0 |          0 |        72 |  0.00 |
| HDIOBDIFFINBUF   |    0 |     0 |          0 |        36 |  0.00 |
| BITSLICE_CONTROL |    0 |     0 |          0 |        24 |  0.00 |
| BITSLICE_RX_TX   |    0 |     0 |          0 |       936 |  0.00 |
| BITSLICE_TX      |    0 |     0 |          0 |        24 |  0.00 |
| RIU_OR           |    0 |     0 |          0 |        12 |  0.00 |
+------------------+------+-------+------------+-----------+-------+


6. CLOCK
--------

+----------------------+------+-------+------------+-----------+-------+
|       Site Type      | Used | Fixed | Prohibited | Available | Util% |
+----------------------+------+-------+------------+-----------+-------+
| GLOBAL CLOCK BUFFERs |    1 |     0 |          0 |       192 |  0.52 |
|   BUFGCE             |    1 |     0 |          0 |        84 |  1.19 |
|   BUFGCE_DIV         |    0 |     0 |          0 |        12 |  0.00 |
|   BUFG_GT            |    0 |     0 |          0 |        72 |  0.00 |
|   BUFGCTRL*          |    0 |     0 |          0 |        24 |  0.00 |
| PLL                  |    0 |     0 |          0 |         6 |  0.00 |
| MMCM                 |    0 |     0 |          0 |         3 |  0.00 |
+----------------------+------+-------+------------+-----------+-------+
* Note: Each used BUFGCTRL counts as two GLOBAL CLOCK BUFFERs. This table does not include global clocking resources, only buffer cell usage. See the Clock Utilization Report (report_clock_utilization) for detailed accounting of global clocking resource availability.


7. ADVANCED
-----------

+-----------------+------+-------+------------+-----------+-------+
|    Site Type    | Used | Fixed | Prohibited | Available | Util% |
+-----------------+------+-------+------------+-----------+-------+
| GTHE4_CHANNEL   |    0 |     0 |          0 |        12 |  0.00 |
| GTHE4_COMMON    |    0 |     0 |          0 |         3 |  0.00 |
| OBUFDS_GTE4     |    0 |     0 |          0 |         6 |  0.00 |
| OBUFDS_GTE4_ADV |    0 |     0 |          0 |         6 |  0.00 |
| PCIE4CE4        |    0 |     0 |          0 |         1 |  0.00 |
| SYSMONE4        |    0 |     0 |          0 |         1 |  0.00 |
+-----------------+------+-------+------------+-----------+-------+


8. CONFIGURATION
----------------

+-------------+------+-------+------------+-----------+-------+
|  Site Type  | Used | Fixed | Prohibited | Available | Util% |
+-------------+------+-------+------------+-----------+-------+
| BSCANE2     |    0 |     0 |          0 |         4 |  0.00 |
| DNA_PORTE2  |    0 |     0 |          0 |         1 |  0.00 |
| EFUSE_USR   |    0 |     0 |          0 |         1 |  0.00 |
| FRAME_ECCE4 |    0 |     0 |          0 |         1 |  0.00 |
| ICAPE3      |    0 |     0 |          0 |         2 |  0.00 |
| MASTER_JTAG |    0 |     0 |          0 |         1 |  0.00 |
| STARTUPE3   |    0 |     0 |          0 |         1 |  0.00 |
+-------------+------+-------+------------+-----------+-------+


9. Primitives
-------------

+----------+------+---------------------+
| Ref Name | Used | Functional Category |
+----------+------+---------------------+
| FDRE     |  169 |            Register |
| INBUF    |   47 |                 I/O |
| IBUFCTRL |   47 |              Others |
| OBUF     |   42 |                 I/O |
| LUT6     |   34 |                 CLB |
| LUT4     |   20 |                 CLB |
| LUT3     |    1 |                 CLB |
| LUT2     |    1 |                 CLB |
| FDSE     |    1 |            Register |
| BUFGCE   |    1 |               Clock |
+----------+------+---------------------+


10. Black Boxes
---------------

+----------+------+
| Ref Name | Used |
+----------+------+


11. Instantiated Netlists
-------------------------

+----------+------+
| Ref Name | Used |
+----------+------+


